Debug | 2023/07/10 00:37:04.512453 | WindowDataPoint | {"DatePerformed":"2022-09-07T00:00:00Z","Sets":1,"Reps":3,"Effort":5,"Intensity":0.588785047,"InterExerciseFatigue":0,"InterWorkoutFatigue":0}
Debug | 2023/07/10 00:37:04.514028 | DataPoint | {"DatePerformed":"2022-09-07T00:00:00Z","Sets":1,"Reps":3,"Effort":5,"Intensity":0.588785047,"InterExerciseFatigue":0,"InterWorkoutFatigue":0}
Debug | 2023/07/10 00:37:04.515345 | WindowDataPoint | {"DatePerformed":"2022-09-01T00:00:00Z","Sets":3,"Reps":4,"Effort":5,"Intensity":0.757009346,"InterExerciseFatigue":10,"InterWorkoutFatigue":10}
Debug | 2023/07/10 00:37:04.516675 | DataPoint | {"DatePerformed":"2022-09-01T00:00:00Z","Sets":3,"Reps":4,"Effort":5,"Intensity":0.757009346,"InterExerciseFatigue":10,"InterWorkoutFatigue":10}
Debug | 2023/07/10 00:37:04.517922 | WindowDataPoint | {"DatePerformed":"2022-09-01T00:00:00Z","Sets":10,"Reps":1,"Effort":10,"Intensity":0.925233645,"InterExerciseFatigue":0,"InterWorkoutFatigue":0}
Debug | 2023/07/10 00:37:04.519071 | DataPoint | {"DatePerformed":"2022-09-01T00:00:00Z","Sets":10,"Reps":1,"Effort":10,"Intensity":0.925233645,"InterExerciseFatigue":0,"InterWorkoutFatigue":0}
Debug | 2023/07/10 00:37:04.520476 | DataPoint | {"DatePerformed":"2022-08-29T00:00:00Z","Sets":3,"Reps":4,"Effort":6,"Intensity":0.757009346,"InterExerciseFatigue":1,"InterWorkoutFatigue":1}
Debug | 2023/07/10 00:37:04.521766 | DataPoint | {"DatePerformed":"2022-08-29T00:00:00Z","Sets":1,"Reps":1,"Effort":10,"Intensity":1.018691589,"InterExerciseFatigue":0,"InterWorkoutFatigue":0}
Debug | 2023/07/10 00:37:04.523312 | DataPoint | {"DatePerformed":"2022-08-22T00:00:00Z","Sets":4,"Reps":1,"Effort":9.5,"Intensity":0.962616822,"InterExerciseFatigue":0,"InterWorkoutFatigue":0}
Debug | 2023/07/10 00:37:04.524929 | DataPoint | {"DatePerformed":"2022-08-22T00:00:00Z","Sets":4,"Reps":4,"Effort":6,"Intensity":0.757009346,"InterExerciseFatigue":4,"InterWorkoutFatigue":4}
Debug | 2023/07/10 00:37:04.526296 | DataPoint | {"DatePerformed":"2022-08-15T00:00:00Z","Sets":3,"Reps":4,"Effort":6,"Intensity":0.757009346,"InterExerciseFatigue":8,"InterWorkoutFatigue":8}
Debug | 2023/07/10 00:37:04.527754 | DataPoint | {"DatePerformed":"2022-08-15T00:00:00Z","Sets":4,"Reps":2,"Effort":10,"Intensity":0.925233645,"InterExerciseFatigue":0,"InterWorkoutFatigue":0}
Debug | 2023/07/10 00:37:04.528922 | DataPoint | {"DatePerformed":"2022-08-08T00:00:00Z","Sets":2,"Reps":4,"Effort":6,"Intensity":0.757009346,"InterExerciseFatigue":12,"InterWorkoutFatigue":12}
Debug | 2023/07/10 00:37:04.530072 | DataPoint | {"DatePerformed":"2022-08-08T00:00:00Z","Sets":4,"Reps":3,"Effort":9.5,"Intensity":0.887850467,"InterExerciseFatigue":0,"InterWorkoutFatigue":0}
Debug | 2023/07/10 00:37:04.531250 | DataPoint | {"DatePerformed":"2022-08-01T00:00:00Z","Sets":4.5,"Reps":4,"Effort":9.5,"Intensity":0.85046729,"InterExerciseFatigue":0,"InterWorkoutFatigue":0}
Debug | 2023/07/10 00:37:04.532418 | DataPoint | {"DatePerformed":"2022-07-24T00:00:00Z","Sets":1,"Reps":1,"Effort":10,"Intensity":1.028846154,"InterExerciseFatigue":0,"InterWorkoutFatigue":2}
Debug | 2023/07/10 00:37:04.536071 | DataPoint | {"DatePerformed":"2022-07-14T00:00:00Z","Sets":1,"Reps":1,"Effort":9.5,"Intensity":0.951923077,"InterExerciseFatigue":19,"InterWorkoutFatigue":19}
Debug | 2023/07/10 00:37:04.537266 | DataPoint | {"DatePerformed":"2022-07-14T00:00:00Z","Sets":2,"Reps":4,"Effort":7,"Intensity":0.778846154,"InterExerciseFatigue":20,"InterWorkoutFatigue":20}
Debug | 2023/07/10 00:37:04.538351 | DataPoint | {"DatePerformed":"2022-07-14T00:00:00Z","Sets":4.75,"Reps":4,"Effort":9.5,"Intensity":0.875,"InterExerciseFatigue":0,"InterWorkoutFatigue":0}
Debug | 2023/07/10 00:37:04.539474 | DataPoint | {"DatePerformed":"2022-07-11T00:00:00Z","Sets":6,"Reps":1,"Effort":10,"Intensity":0.951923077,"InterExerciseFatigue":0,"InterWorkoutFatigue":0}
Debug | 2023/07/10 00:37:04.540590 | DataPoint | {"DatePerformed":"2022-07-11T00:00:00Z","Sets":3,"Reps":5,"Effort":5,"Intensity":0.778846154,"InterExerciseFatigue":6,"InterWorkoutFatigue":6}
Debug | 2023/07/10 00:37:04.541746 | DataPoint | {"DatePerformed":"2022-07-07T00:00:00Z","Sets":1,"Reps":1,"Effort":9.5,"Intensity":1.009615385,"InterExerciseFatigue":0,"InterWorkoutFatigue":0}
Debug | 2023/07/10 00:37:04.543828 | DataPoint | {"DatePerformed":"2022-06-27T00:00:00Z","Sets":5,"Reps":3,"Effort":10,"Intensity":0.913461538,"InterExerciseFatigue":0,"InterWorkoutFatigue":0}
Debug | 2023/07/10 00:37:04.545365 | DataPoint | {"DatePerformed":"2022-06-27T00:00:00Z","Sets":1,"Reps":1,"Effort":9.5,"Intensity":0.951923077,"InterExerciseFatigue":15,"InterWorkoutFatigue":15}
Debug | 2023/07/10 00:37:04.546939 | DataPoint | {"DatePerformed":"2022-06-20T00:00:00Z","Sets":5,"Reps":4,"Effort":10,"Intensity":0.875,"InterExerciseFatigue":0,"InterWorkoutFatigue":0}
Debug | 2023/07/10 00:37:04.548301 | DataPoint | {"DatePerformed":"2022-06-16T00:00:00Z","Sets":4,"Reps":5,"Effort":9,"Intensity":0.817307692,"InterExerciseFatigue":5,"InterWorkoutFatigue":5}
Debug | 2023/07/10 00:37:04.549481 | DataPoint | {"DatePerformed":"2022-06-16T00:00:00Z","Sets":1,"Reps":1,"Effort":8,"Intensity":0.913461538,"InterExerciseFatigue":25,"InterWorkoutFatigue":25}
Debug | 2023/07/10 00:37:04.550609 | DataPoint | {"DatePerformed":"2022-06-16T00:00:00Z","Sets":1,"Reps":5,"Effort":7,"Intensity":0.817307692,"InterExerciseFatigue":0,"InterWorkoutFatigue":0}
Debug | 2023/07/10 00:37:04.551915 | DataPoint | {"DatePerformed":"2022-06-09T00:00:00Z","Sets":6,"Reps":6,"Effort":9.5,"Intensity":0.778846154,"InterExerciseFatigue":0,"InterWorkoutFatigue":0}
Debug | 2023/07/10 00:37:04.553402 | DataPoint | {"DatePerformed":"2022-06-06T00:00:00Z","Sets":4,"Reps":4,"Effort":9.5,"Intensity":0.817307692,"InterExerciseFatigue":3,"InterWorkoutFatigue":3}
Debug | 2023/07/10 00:37:04.554529 | DataPoint | {"DatePerformed":"2022-06-06T00:00:00Z","Sets":1,"Reps":1,"Effort":9.5,"Intensity":0.951923077,"InterExerciseFatigue":2,"InterWorkoutFatigue":2}
Debug | 2023/07/10 00:37:04.555718 | DataPoint | {"DatePerformed":"2022-06-06T00:00:00Z","Sets":1,"Reps":2,"Effort":9.5,"Intensity":0.951923077,"InterExerciseFatigue":0,"InterWorkoutFatigue":0}
Debug | 2023/07/10 00:37:04.556850 | DataPoint | {"DatePerformed":"2022-05-30T00:00:00Z","Sets":1,"Reps":9,"Effort":10,"Intensity":0.817307692,"InterExerciseFatigue":0,"InterWorkoutFatigue":0}
Debug | 2023/07/10 00:37:04.557996 | DataPoint | {"DatePerformed":"2022-05-30T00:00:00Z","Sets":3,"Reps":6,"Effort":8,"Intensity":0.740384615,"InterExerciseFatigue":9,"InterWorkoutFatigue":9}
Debug | 2023/07/10 00:37:04.559158 | DataPoint | {"DatePerformed":"2022-05-23T00:00:00Z","Sets":1,"Reps":11,"Effort":10,"Intensity":0.778846154,"InterExerciseFatigue":1,"InterWorkoutFatigue":1}
Debug | 2023/07/10 00:37:04.560419 | DataPoint | {"DatePerformed":"2022-05-23T00:00:00Z","Sets":3,"Reps":6,"Effort":8,"Intensity":0.701923077,"InterExerciseFatigue":12,"InterWorkoutFatigue":12}
Debug | 2023/07/10 00:37:04.561539 | DataPoint | {"DatePerformed":"2022-05-23T00:00:00Z","Sets":1,"Reps":1,"Effort":8.5,"Intensity":0.875,"InterExerciseFatigue":0,"InterWorkoutFatigue":0}
Debug | 2023/07/10 00:37:04.562814 | DataPoint | {"DatePerformed":"2022-05-15T00:00:00Z","Sets":3,"Reps":6,"Effort":9,"Intensity":0.701923077,"InterExerciseFatigue":6,"InterWorkoutFatigue":6}
Debug | 2023/07/10 00:37:04.564228 | DataPoint | {"DatePerformed":"2022-05-15T00:00:00Z","Sets":1,"Reps":6,"Effort":10,"Intensity":0.875,"InterExerciseFatigue":0,"InterWorkoutFatigue":0}
Debug | 2023/07/10 00:37:04.565553 | DataPoint | {"DatePerformed":"2022-05-05T00:00:00Z","Sets":1,"Reps":1,"Effort":10,"Intensity":1.02970297,"InterExerciseFatigue":0,"InterWorkoutFatigue":0}
Debug | 2023/07/10 00:37:04.566674 | DataPoint | {"DatePerformed":"2022-05-02T00:00:00Z","Sets":1,"Reps":1,"Effort":5,"Intensity":0.623762376,"InterExerciseFatigue":0,"InterWorkoutFatigue":1}
Debug | 2023/07/10 00:37:04.567837 | DataPoint | {"DatePerformed":"2022-04-28T00:00:00Z","Sets":1,"Reps":1,"Effort":10,"Intensity":0.98019802,"InterExerciseFatigue":1,"InterWorkoutFatigue":1}
Debug | 2023/07/10 00:37:04.568898 | DataPoint | {"DatePerformed":"2022-04-28T00:00:00Z","Sets":3,"Reps":5,"Effort":5,"Intensity":0.623762376,"InterExerciseFatigue":2,"InterWorkoutFatigue":2}
Debug | 2023/07/10 00:37:04.570011 | DataPoint | {"DatePerformed":"2022-04-28T00:00:00Z","Sets":1,"Reps":1,"Effort":10,"Intensity":1.01980198,"InterExerciseFatigue":0,"InterWorkoutFatigue":0}
Debug | 2023/07/10 00:37:04.571110 | DataPoint | {"DatePerformed":"2022-04-18T00:00:00Z","Sets":4,"Reps":4,"Effort":9.5,"Intensity":0.841584158,"InterExerciseFatigue":3,"InterWorkoutFatigue":3}
Debug | 2023/07/10 00:37:04.572245 | DataPoint | {"DatePerformed":"2022-04-18T00:00:00Z","Sets":1,"Reps":3,"Effort":10,"Intensity":0.98019802,"InterExerciseFatigue":0,"InterWorkoutFatigue":0}
Debug | 2023/07/10 00:37:04.573863 | DataPoint | {"DatePerformed":"2022-04-09T00:00:00Z","Sets":3,"Reps":6,"Effort":10,"Intensity":0.801980198,"InterExerciseFatigue":6,"InterWorkoutFatigue":6}
Debug | 2023/07/10 00:37:04.574991 | DataPoint | {"DatePerformed":"2022-04-09T00:00:00Z","Sets":1,"Reps":6,"Effort":9.5,"Intensity":0.900990099,"InterExerciseFatigue":0,"InterWorkoutFatigue":0}
Debug | 2023/07/10 00:37:04.576153 | DataPoint | {"DatePerformed":"2022-04-02T00:00:00Z","Sets":1,"Reps":8,"Effort":9,"Intensity":0.841584158,"InterExerciseFatigue":0,"InterWorkoutFatigue":0}
Debug | 2023/07/10 00:37:04.577233 | DataPoint | {"DatePerformed":"2022-04-02T00:00:00Z","Sets":3,"Reps":6,"Effort":6.5,"Intensity":0.722772277,"InterExerciseFatigue":8,"InterWorkoutFatigue":8}
Debug | 2023/07/10 00:37:04.578315 | DataPoint | {"DatePerformed":"2022-03-29T00:00:00Z","Sets":1,"Reps":10,"Effort":6,"Intensity":0.445544554,"InterExerciseFatigue":0,"InterWorkoutFatigue":36}
Debug | 2023/07/10 00:37:04.579462 | DataPoint | {"DatePerformed":"2022-03-27T00:00:00Z","Sets":2,"Reps":6,"Effort":6.5,"Intensity":0.801980198,"InterExerciseFatigue":1,"InterWorkoutFatigue":1}
Debug | 2023/07/10 00:37:04.580728 | DataPoint | {"DatePerformed":"2022-03-27T00:00:00Z","Sets":2,"Reps":10,"Effort":5,"Intensity":0.445544554,"InterExerciseFatigue":19,"InterWorkoutFatigue":19}
Debug | 2023/07/10 00:37:04.582063 | DataPoint | {"DatePerformed":"2022-03-27T00:00:00Z","Sets":1,"Reps":6,"Effort":5,"Intensity":0.623762376,"InterExerciseFatigue":13,"InterWorkoutFatigue":13}
Debug | 2023/07/10 00:37:04.583398 | DataPoint | {"DatePerformed":"2022-03-27T00:00:00Z","Sets":1,"Reps":1,"Effort":8,"Intensity":0.900990099,"InterExerciseFatigue":0,"InterWorkoutFatigue":0}
Debug | 2023/07/10 00:37:04.584715 | DataPoint | {"DatePerformed":"2022-02-18T00:00:00Z","Sets":1,"Reps":3,"Effort":9.5,"Intensity":0.900990099,"InterExerciseFatigue":0,"InterWorkoutFatigue":0}
Debug | 2023/07/10 00:37:04.585974 | DataPoint | {"DatePerformed":"2022-02-18T00:00:00Z","Sets":1,"Reps":2,"Effort":10,"Intensity":0.98019802,"InterExerciseFatigue":3,"InterWorkoutFatigue":3}
Debug | 2023/07/10 00:37:04.587036 | DataPoint | {"DatePerformed":"2022-02-16T00:00:00Z","Sets":1,"Reps":12,"Effort":8,"Intensity":0.623762376,"InterExerciseFatigue":2,"InterWorkoutFatigue":2}
Debug | 2023/07/10 00:37:04.588113 | DataPoint | {"DatePerformed":"2022-02-16T00:00:00Z","Sets":2,"Reps":1,"Effort":6,"Intensity":0.801980198,"InterExerciseFatigue":0,"InterWorkoutFatigue":0}
Debug | 2023/07/10 00:37:04.589334 | DataPoint | {"DatePerformed":"2022-02-11T00:00:00Z","Sets":1,"Reps":1,"Effort":9.5,"Intensity":0.98019802,"InterExerciseFatigue":0,"InterWorkoutFatigue":0}
Debug | 2023/07/10 00:37:04.590493 | DataPoint | {"DatePerformed":"2022-02-05T00:00:00Z","Sets":1,"Reps":1,"Effort":8,"Intensity":0.900990099,"InterExerciseFatigue":0,"InterWorkoutFatigue":2}
Debug | 2023/07/10 00:37:04.591690 | DataPoint | {"DatePerformed":"2022-02-04T00:00:00Z","Sets":1,"Reps":1,"Effort":8,"Intensity":0.900990099,"InterExerciseFatigue":0,"InterWorkoutFatigue":0}
Debug | 2023/07/10 00:37:04.592827 | DataPoint | {"DatePerformed":"2022-02-04T00:00:00Z","Sets":1,"Reps":1,"Effort":6,"Intensity":0.722772277,"InterExerciseFatigue":1,"InterWorkoutFatigue":1}
Debug | 2023/07/10 00:37:04.593909 | DataPoint | {"DatePerformed":"2022-02-04T00:00:00Z","Sets":1,"Reps":1,"Effort":6,"Intensity":0.722772277,"InterExerciseFatigue":1,"InterWorkoutFatigue":1}
Debug | 2023/07/10 00:37:04.595184 | DataPoint | {"DatePerformed":"2022-02-04T00:00:00Z","Sets":1,"Reps":1,"Effort":8,"Intensity":0.900990099,"InterExerciseFatigue":0,"InterWorkoutFatigue":0}
Debug | 2023/07/10 00:37:04.596503 | DataPoint | {"DatePerformed":"2022-01-31T00:00:00Z","Sets":1,"Reps":1,"Effort":5,"Intensity":0.801980198,"InterExerciseFatigue":0,"InterWorkoutFatigue":0}
Debug | 2023/07/10 00:37:04.597928 | DataPoint | {"DatePerformed":"2022-01-21T00:00:00Z","Sets":1,"Reps":3,"Effort":8,"Intensity":0.821782178,"InterExerciseFatigue":0,"InterWorkoutFatigue":0}
Debug | 2023/07/10 00:37:04.599106 | DataPoint | {"DatePerformed":"2022-01-21T00:00:00Z","Sets":4,"Reps":4,"Effort":7,"Intensity":0.722772277,"InterExerciseFatigue":3,"InterWorkoutFatigue":3}
Debug | 2023/07/10 00:37:04.600443 | DataPoint | {"DatePerformed":"2022-01-17T00:00:00Z","Sets":2,"Reps":4,"Effort":8.5,"Intensity":0.801980198,"InterExerciseFatigue":3,"InterWorkoutFatigue":3}
Debug | 2023/07/10 00:37:04.601710 | DataPoint | {"DatePerformed":"2022-01-17T00:00:00Z","Sets":1,"Reps":3,"Effort":10,"Intensity":0.98019802,"InterExerciseFatigue":0,"InterWorkoutFatigue":0}
Debug | 2023/07/10 00:37:04.602973 | DataPoint | {"DatePerformed":"2022-01-07T00:00:00Z","Sets":1,"Reps":3,"Effort":9,"Intensity":0.900990099,"InterExerciseFatigue":0,"InterWorkoutFatigue":0}
Debug | 2023/07/10 00:37:04.604457 | DataPoint | {"DatePerformed":"2022-01-07T00:00:00Z","Sets":4,"Reps":4,"Effort":7,"Intensity":0.801980198,"InterExerciseFatigue":3,"InterWorkoutFatigue":3}
Debug | 2023/07/10 00:37:04.606031 | DataPoint | {"DatePerformed":"2021-12-24T00:00:00Z","Sets":4,"Reps":4,"Effort":6,"Intensity":0.742574257,"InterExerciseFatigue":3,"InterWorkoutFatigue":3}
Debug | 2023/07/10 00:37:04.607247 | DataPoint | {"DatePerformed":"2021-12-24T00:00:00Z","Sets":1,"Reps":3,"Effort":6,"Intensity":0.821782178,"InterExerciseFatigue":0,"InterWorkoutFatigue":0}
Debug | 2023/07/10 00:37:04.608337 | DataPoint | {"DatePerformed":"2021-12-17T00:00:00Z","Sets":1,"Reps":1,"Effort":10,"Intensity":0.99009901,"InterExerciseFatigue":0,"InterWorkoutFatigue":0}
Debug | 2023/07/10 00:37:04.609508 | DataPoint | {"DatePerformed":"2021-12-06T00:00:00Z","Sets":1,"Reps":7,"Effort":10,"Intensity":0.801980198,"InterExerciseFatigue":0,"InterWorkoutFatigue":4}
Debug | 2023/07/10 00:37:04.610586 | DataPoint | {"DatePerformed":"2021-12-06T00:00:00Z","Sets":1,"Reps":9,"Effort":10,"Intensity":0.722772277,"InterExerciseFatigue":0,"InterWorkoutFatigue":15}
Debug | 2023/07/10 00:37:04.611782 | DataPoint | {"DatePerformed":"2021-11-26T00:00:00Z","Sets":1,"Reps":1,"Effort":6,"Intensity":0.821782178,"InterExerciseFatigue":0,"InterWorkoutFatigue":0}
Debug | 2023/07/10 00:37:04.612859 | DataPoint | {"DatePerformed":"2021-11-26T00:00:00Z","Sets":4,"Reps":4,"Effort":6,"Intensity":0.742574257,"InterExerciseFatigue":1,"InterWorkoutFatigue":1}
Debug | 2023/07/10 00:37:04.614056 | DataPoint | {"DatePerformed":"2021-11-19T00:00:00Z","Sets":3,"Reps":4,"Effort":6,"Intensity":0.742574257,"InterExerciseFatigue":3,"InterWorkoutFatigue":3}
Debug | 2023/07/10 00:37:04.615333 | DataPoint | {"DatePerformed":"2021-11-19T00:00:00Z","Sets":1,"Reps":3,"Effort":6,"Intensity":0.821782178,"InterExerciseFatigue":0,"InterWorkoutFatigue":0}
Debug | 2023/07/10 00:37:04.616593 | DataPoint | {"DatePerformed":"2021-11-12T00:00:00Z","Sets":3,"Reps":7,"Effort":7,"Intensity":0.63,"InterExerciseFatigue":1,"InterWorkoutFatigue":1}
Debug | 2023/07/10 00:37:04.617870 | DataPoint | {"DatePerformed":"2021-11-12T00:00:00Z","Sets":1,"Reps":1,"Effort":10,"Intensity":0.99,"InterExerciseFatigue":0,"InterWorkoutFatigue":0}
Debug | 2023/07/10 00:37:04.619085 | DataPoint | {"DatePerformed":"2021-11-06T00:00:00Z","Sets":1,"Reps":1,"Effort":10,"Intensity":1.01,"InterExerciseFatigue":0,"InterWorkoutFatigue":0}
Debug | 2023/07/10 00:37:04.620659 | DataPoint | {"DatePerformed":"2021-11-01T00:00:00Z","Sets":2,"Reps":6,"Effort":7,"Intensity":0.81,"InterExerciseFatigue":1,"InterWorkoutFatigue":1}
Debug | 2023/07/10 00:37:04.621870 | DataPoint | {"DatePerformed":"2021-11-01T00:00:00Z","Sets":1,"Reps":1,"Effort":8,"Intensity":0.91,"InterExerciseFatigue":0,"InterWorkoutFatigue":0}
Debug | 2023/07/10 00:37:04.623288 | DataPoint | {"DatePerformed":"2021-10-29T00:00:00Z","Sets":1,"Reps":1,"Effort":9,"Intensity":0.91,"InterExerciseFatigue":0,"InterWorkoutFatigue":0}
Debug | 2023/07/10 00:37:04.624669 | DataPoint | {"DatePerformed":"2021-10-29T00:00:00Z","Sets":2,"Reps":6,"Effort":7,"Intensity":0.81,"InterExerciseFatigue":3,"InterWorkoutFatigue":3}
Debug | 2023/07/10 00:37:04.625846 | DataPoint | {"DatePerformed":"2021-10-29T00:00:00Z","Sets":2,"Reps":1,"Effort":7,"Intensity":0.81,"InterExerciseFatigue":1,"InterWorkoutFatigue":1}
Debug | 2023/07/10 00:37:04.627270 | DataPoint | {"DatePerformed":"2021-10-26T00:00:00Z","Sets":1,"Reps":1,"Effort":8,"Intensity":0.91,"InterExerciseFatigue":0,"InterWorkoutFatigue":21}
Debug | 2023/07/10 00:37:04.628359 | DataPoint | {"DatePerformed":"2021-10-26T00:00:00Z","Sets":4,"Reps":1,"Effort":7,"Intensity":0.81,"InterExerciseFatigue":1,"InterWorkoutFatigue":22}
Debug | 2023/07/10 00:37:04.629604 | DataPoint | {"DatePerformed":"2021-10-22T00:00:00Z","Sets":1,"Reps":3,"Effort":8,"Intensity":0.91,"InterExerciseFatigue":0,"InterWorkoutFatigue":0}
Debug | 2023/07/10 00:37:04.630670 | DataPoint | {"DatePerformed":"2021-10-22T00:00:00Z","Sets":1,"Reps":1,"Effort":10,"Intensity":0.95,"InterExerciseFatigue":3,"InterWorkoutFatigue":3}
Debug | 2023/07/10 00:37:04.631875 | DataPoint | {"DatePerformed":"2021-10-08T00:00:00Z","Sets":6,"Reps":3,"Effort":6.5,"Intensity":0.81,"InterExerciseFatigue":3,"InterWorkoutFatigue":3}
Debug | 2023/07/10 00:37:04.633138 | DataPoint | {"DatePerformed":"2021-10-08T00:00:00Z","Sets":1,"Reps":3,"Effort":6.5,"Intensity":0.87,"InterExerciseFatigue":0,"InterWorkoutFatigue":0}
Debug | 2023/07/10 00:37:04.634276 | DataPoint | {"DatePerformed":"2021-10-01T00:00:00Z","Sets":1,"Reps":1,"Effort":8.5,"Intensity":0.91,"InterExerciseFatigue":0,"InterWorkoutFatigue":0}
Debug | 2023/07/10 00:37:04.635493 | DataPoint | {"DatePerformed":"2021-10-01T00:00:00Z","Sets":6,"Reps":3,"Effort":6,"Intensity":0.73,"InterExerciseFatigue":1,"InterWorkoutFatigue":1}
Debug | 2023/07/10 00:37:04.636683 | DataPoint | {"DatePerformed":"2021-09-24T00:00:00Z","Sets":4,"Reps":4,"Effort":6,"Intensity":0.73,"InterExerciseFatigue":3,"InterWorkoutFatigue":3}
Debug | 2023/07/10 00:37:04.637757 | DataPoint | {"DatePerformed":"2021-09-24T00:00:00Z","Sets":1,"Reps":3,"Effort":6,"Intensity":0.81,"InterExerciseFatigue":0,"InterWorkoutFatigue":0}
Debug | 2023/07/10 00:37:04.638897 | DataPoint | {"DatePerformed":"2021-09-17T00:00:00Z","Sets":1,"Reps":3,"Effort":8.5,"Intensity":0.91,"InterExerciseFatigue":0,"InterWorkoutFatigue":0}
Debug | 2023/07/10 00:37:04.639984 | DataPoint | {"DatePerformed":"2021-09-17T00:00:00Z","Sets":5,"Reps":4,"Effort":8.5,"Intensity":0.81,"InterExerciseFatigue":3,"InterWorkoutFatigue":3}
Debug | 2023/07/10 00:37:04.641252 | DataPoint | {"DatePerformed":"2021-09-10T00:00:00Z","Sets":5,"Reps":4,"Effort":7.5,"Intensity":0.77,"InterExerciseFatigue":3,"InterWorkoutFatigue":3}
Debug | 2023/07/10 00:37:04.642439 | DataPoint | {"DatePerformed":"2021-09-10T00:00:00Z","Sets":1,"Reps":3,"Effort":7.5,"Intensity":0.85,"InterExerciseFatigue":0,"InterWorkoutFatigue":0}
Debug | 2023/07/10 00:37:04.643683 | DataPoint | {"DatePerformed":"2021-08-27T00:00:00Z","Sets":5,"Reps":4,"Effort":7,"Intensity":0.77,"InterExerciseFatigue":3,"InterWorkoutFatigue":3}
Debug | 2023/07/10 00:37:04.644871 | DataPoint | {"DatePerformed":"2021-08-27T00:00:00Z","Sets":1,"Reps":3,"Effort":7,"Intensity":0.85,"InterExerciseFatigue":0,"InterWorkoutFatigue":0}
Debug | 2023/07/10 00:37:04.646060 | DataPoint | {"DatePerformed":"2021-08-20T00:00:00Z","Sets":5,"Reps":4,"Effort":6,"Intensity":0.73,"InterExerciseFatigue":3,"InterWorkoutFatigue":3}
Debug | 2023/07/10 00:37:04.647175 | DataPoint | {"DatePerformed":"2021-08-20T00:00:00Z","Sets":1,"Reps":3,"Effort":6,"Intensity":0.81,"InterExerciseFatigue":0,"InterWorkoutFatigue":0}
Debug | 2023/07/10 00:37:04.648609 | DataPoint | {"DatePerformed":"2021-08-13T00:00:00Z","Sets":3,"Reps":4,"Effort":6,"Intensity":0.73,"InterExerciseFatigue":3,"InterWorkoutFatigue":3}
Debug | 2023/07/10 00:37:04.649774 | DataPoint | {"DatePerformed":"2021-08-13T00:00:00Z","Sets":1,"Reps":3,"Effort":6,"Intensity":0.81,"InterExerciseFatigue":0,"InterWorkoutFatigue":0}
Debug | 2023/07/10 00:37:04.650964 | DataPoint | {"DatePerformed":"2021-08-10T00:00:00Z","Sets":1,"Reps":1,"Effort":10,"Intensity":0,"InterExerciseFatigue":0,"InterWorkoutFatigue":2}
